<?xml version="1.0" encoding="UTF-8"?>
<!-- Generated by org.testng.reporters.JUnitReportReporter -->
<testsuite skipped="0" hostname="Suji" name="testcase.DeleteLead" tests="1" failures="0" timestamp="2020-09-24T14:12:52 IST" time="50.211" errors="0">
  <testcase name="runDelLead" time="50.211" classname="testcase.DeleteLead"/>
</testsuite> <!-- testcase.DeleteLead -->
