<?xml version="1.0" encoding="UTF-8"?>
<!-- Generated by org.testng.reporters.JUnitReportReporter -->
<testsuite skipped="0" hostname="Suji" name="testcase.EditLead" tests="1" failures="0" timestamp="2020-09-24T14:12:52 IST" time="61.845" errors="0">
  <testcase name="runEdLead" time="61.845" classname="testcase.EditLead"/>
</testsuite> <!-- testcase.EditLead -->
