<?xml version="1.0" encoding="UTF-8"?>
<!-- Generated by org.testng.reporters.JUnitReportReporter -->
<testsuite skipped="1" hostname="Suji" name="testcase.CreateLead" tests="1" failures="0" timestamp="2020-09-25T20:55:51 IST" time="0.000" errors="0">
  <testcase name="runCreateLead" time="0.000" classname="testcase.CreateLead">
    <skipped/>
  </testcase> <!-- runCreateLead -->
</testsuite> <!-- testcase.CreateLead -->
